	Babylon.js Exporter version: 1.8.0, Blender version: 2.74 (sub 0)
========= Conversion from Blender to Babylon.js =========
	Python World class constructor completed
	WARNING: No active camera has been assigned, or is not in a currently selected Blender layer
	processing begun of material:  bangbang.Material.001
	processing begun of material:  bangbang.Material.002
	processing begun of material:  bangbang.Material.003
	processing begun of material:  bangbang.Material.004
	processing begun of material:  bangbang.Material.005
	processing begun of material:  bangbang.Material.006
	processing begun of material:  bangbang.Material.011
	WARNING texture type not currently supported:  DISTORTED_NOISE, ignored.
	processing begun of material:  bangbang.Material.012
	WARNING texture type not currently supported:  DISTORTED_NOISE, ignored.
	processing begun of material:  bangbang.Material.013
	WARNING texture type not currently supported:  STUCCI, ignored.
	processing begun of mesh:  Astroid.052
		num positions      :  275
		num normals        :  275
		num uvs            :  550
		num uvs2           :  0
		num colors         :  0
		num indices        :  324
	processing begun of mesh:  Astroid.051
		num positions      :  275
		num normals        :  275
		num uvs            :  550
		num uvs2           :  0
		num colors         :  0
		num indices        :  324
	processing begun of mesh:  Astroid.050
		num positions      :  275
		num normals        :  275
		num uvs            :  550
		num uvs2           :  0
		num colors         :  0
		num indices        :  324
	processing begun of mesh:  Astroid.049
		num positions      :  275
		num normals        :  275
		num uvs            :  550
		num uvs2           :  0
		num colors         :  0
		num indices        :  324
	processing begun of mesh:  Astroid.048
		num positions      :  275
		num normals        :  275
		num uvs            :  550
		num uvs2           :  0
		num colors         :  0
		num indices        :  324
	processing begun of mesh:  Astroid.047
		num positions      :  275
		num normals        :  275
		num uvs            :  550
		num uvs2           :  0
		num colors         :  0
		num indices        :  324
	processing begun of mesh:  Astroid.046
		num positions      :  275
		num normals        :  275
		num uvs            :  550
		num uvs2           :  0
		num colors         :  0
		num indices        :  324
	processing begun of mesh:  Astroid.045
		num positions      :  275
		num normals        :  275
		num uvs            :  550
		num uvs2           :  0
		num colors         :  0
		num indices        :  324
	processing begun of mesh:  Astroid.044
		num positions      :  275
		num normals        :  275
		num uvs            :  550
		num uvs2           :  0
		num colors         :  0
		num indices        :  324
	processing begun of mesh:  Astroid.043
		num positions      :  275
		num normals        :  275
		num uvs            :  550
		num uvs2           :  0
		num colors         :  0
		num indices        :  324
	processing begun of mesh:  Astroid.042
		num positions      :  275
		num normals        :  275
		num uvs            :  550
		num uvs2           :  0
		num colors         :  0
		num indices        :  324
	processing begun of mesh:  Astroid.041
		num positions      :  275
		num normals        :  275
		num uvs            :  550
		num uvs2           :  0
		num colors         :  0
		num indices        :  324
	processing begun of mesh:  Astroid.040
		num positions      :  275
		num normals        :  275
		num uvs            :  550
		num uvs2           :  0
		num colors         :  0
		num indices        :  324
	processing begun of mesh:  Astroid.039
		num positions      :  275
		num normals        :  275
		num uvs            :  550
		num uvs2           :  0
		num colors         :  0
		num indices        :  324
	processing begun of mesh:  Astroid.038
		num positions      :  275
		num normals        :  275
		num uvs            :  550
		num uvs2           :  0
		num colors         :  0
		num indices        :  324
	processing begun of mesh:  Astroid.037
		num positions      :  275
		num normals        :  275
		num uvs            :  550
		num uvs2           :  0
		num colors         :  0
		num indices        :  324
	processing begun of mesh:  Astroid.036
		num positions      :  275
		num normals        :  275
		num uvs            :  550
		num uvs2           :  0
		num colors         :  0
		num indices        :  324
	processing begun of mesh:  Astroid.035
		num positions      :  275
		num normals        :  275
		num uvs            :  550
		num uvs2           :  0
		num colors         :  0
		num indices        :  324
	processing begun of mesh:  Astroid.034
		num positions      :  275
		num normals        :  275
		num uvs            :  550
		num uvs2           :  0
		num colors         :  0
		num indices        :  324
	processing begun of mesh:  Astroid.033
		num positions      :  275
		num normals        :  275
		num uvs            :  550
		num uvs2           :  0
		num colors         :  0
		num indices        :  324
	processing begun of mesh:  Astroid.032
		num positions      :  275
		num normals        :  275
		num uvs            :  550
		num uvs2           :  0
		num colors         :  0
		num indices        :  324
	processing begun of mesh:  Astroid.031
		num positions      :  275
		num normals        :  275
		num uvs            :  550
		num uvs2           :  0
		num colors         :  0
		num indices        :  324
	processing begun of mesh:  Astroid.030
		num positions      :  275
		num normals        :  275
		num uvs            :  550
		num uvs2           :  0
		num colors         :  0
		num indices        :  324
	processing begun of mesh:  Astroid.029
		num positions      :  275
		num normals        :  275
		num uvs            :  550
		num uvs2           :  0
		num colors         :  0
		num indices        :  324
	processing begun of mesh:  Astroid.028
		num positions      :  275
		num normals        :  275
		num uvs            :  550
		num uvs2           :  0
		num colors         :  0
		num indices        :  324
	processing begun of mesh:  Trgger.end
		WARNING:  No materials have been assigned: 
		num positions      :  8
		num normals        :  8
		num uvs            :  0
		num uvs2           :  0
		num colors         :  0
		num indices        :  36
	processing begun of mesh:  Astroid.027
		num positions      :  275
		num normals        :  275
		num uvs            :  550
		num uvs2           :  0
		num colors         :  0
		num indices        :  324
	processing begun of mesh:  Astroid.026
		num positions      :  275
		num normals        :  275
		num uvs            :  550
		num uvs2           :  0
		num colors         :  0
		num indices        :  324
	processing begun of mesh:  Astroid.025
		num positions      :  275
		num normals        :  275
		num uvs            :  550
		num uvs2           :  0
		num colors         :  0
		num indices        :  324
	processing begun of mesh:  Astroid.024
		num positions      :  275
		num normals        :  275
		num uvs            :  550
		num uvs2           :  0
		num colors         :  0
		num indices        :  324
	processing begun of mesh:  Astroid.023
		num positions      :  275
		num normals        :  275
		num uvs            :  550
		num uvs2           :  0
		num colors         :  0
		num indices        :  324
	processing begun of mesh:  Astroid.021
		num positions      :  275
		num normals        :  275
		num uvs            :  550
		num uvs2           :  0
		num colors         :  0
		num indices        :  324
	processing begun of mesh:  Astroid.020
		num positions      :  275
		num normals        :  275
		num uvs            :  550
		num uvs2           :  0
		num colors         :  0
		num indices        :  324
	processing begun of mesh:  Astroid.016
		num positions      :  275
		num normals        :  275
		num uvs            :  550
		num uvs2           :  0
		num colors         :  0
		num indices        :  324
	processing begun of mesh:  Astroid.010
		num positions      :  275
		num normals        :  275
		num uvs            :  550
		num uvs2           :  0
		num colors         :  0
		num indices        :  324
	processing begun of mesh:  Astroid.022
		num positions      :  275
		num normals        :  275
		num uvs            :  550
		num uvs2           :  0
		num colors         :  0
		num indices        :  324
	processing begun of mesh:  Astroid.019
		num positions      :  275
		num normals        :  275
		num uvs            :  550
		num uvs2           :  0
		num colors         :  0
		num indices        :  324
	processing begun of mesh:  Astroid.018
		num positions      :  275
		num normals        :  275
		num uvs            :  550
		num uvs2           :  0
		num colors         :  0
		num indices        :  324
	processing begun of mesh:  Astroid.017
		num positions      :  275
		num normals        :  275
		num uvs            :  550
		num uvs2           :  0
		num colors         :  0
		num indices        :  324
	processing begun of mesh:  Astroid.015
		num positions      :  275
		num normals        :  275
		num uvs            :  550
		num uvs2           :  0
		num colors         :  0
		num indices        :  324
	processing begun of mesh:  Astroid.014
		num positions      :  275
		num normals        :  275
		num uvs            :  550
		num uvs2           :  0
		num colors         :  0
		num indices        :  324
	processing begun of mesh:  Astroid.013
		num positions      :  275
		num normals        :  275
		num uvs            :  550
		num uvs2           :  0
		num colors         :  0
		num indices        :  324
	processing begun of mesh:  Astroid.012
		num positions      :  275
		num normals        :  275
		num uvs            :  550
		num uvs2           :  0
		num colors         :  0
		num indices        :  324
	processing begun of mesh:  Astroid.011
		num positions      :  275
		num normals        :  275
		num uvs            :  550
		num uvs2           :  0
		num colors         :  0
		num indices        :  324
	processing begun of mesh:  Astroid.009
		num positions      :  275
		num normals        :  275
		num uvs            :  550
		num uvs2           :  0
		num colors         :  0
		num indices        :  324
	processing begun of mesh:  Astroid.008
		num positions      :  275
		num normals        :  275
		num uvs            :  550
		num uvs2           :  0
		num colors         :  0
		num indices        :  324
	processing begun of mesh:  Astroid.007
		num positions      :  275
		num normals        :  275
		num uvs            :  550
		num uvs2           :  0
		num colors         :  0
		num indices        :  324
	processing begun of mesh:  Coral.007
		processing begun of multimaterial:  bangbang.Multimaterial#0
		num positions      :  519
		num normals        :  519
		num uvs            :  1038
		num uvs2           :  0
		num colors         :  0
		num indices        :  600
	processing begun of mesh:  Coral.006
		processing begun of multimaterial:  bangbang.Multimaterial#1
		num positions      :  519
		num normals        :  519
		num uvs            :  1038
		num uvs2           :  0
		num colors         :  0
		num indices        :  600
	processing begun of mesh:  Coral.005
		processing begun of multimaterial:  bangbang.Multimaterial#2
		num positions      :  519
		num normals        :  519
		num uvs            :  1038
		num uvs2           :  0
		num colors         :  0
		num indices        :  600
	processing begun of mesh:  Astroid.006
		num positions      :  275
		num normals        :  275
		num uvs            :  550
		num uvs2           :  0
		num colors         :  0
		num indices        :  324
	processing begun of mesh:  Coral.004
		processing begun of multimaterial:  bangbang.Multimaterial#3
		num positions      :  519
		num normals        :  519
		num uvs            :  1038
		num uvs2           :  0
		num colors         :  0
		num indices        :  600
	processing begun of mesh:  Coral.003
		processing begun of multimaterial:  bangbang.Multimaterial#4
		num positions      :  519
		num normals        :  519
		num uvs            :  1038
		num uvs2           :  0
		num colors         :  0
		num indices        :  600
	processing begun of mesh:  Coral.002
		processing begun of multimaterial:  bangbang.Multimaterial#5
		num positions      :  519
		num normals        :  519
		num uvs            :  1038
		num uvs2           :  0
		num colors         :  0
		num indices        :  600
	processing begun of mesh:  Coral.001
		processing begun of multimaterial:  bangbang.Multimaterial#6
		num positions      :  519
		num normals        :  519
		num uvs            :  1038
		num uvs2           :  0
		num colors         :  0
		num indices        :  600
	processing begun of mesh:  Astroid.005
		num positions      :  275
		num normals        :  275
		num uvs            :  550
		num uvs2           :  0
		num colors         :  0
		num indices        :  324
	processing begun of mesh:  Astroid.004
		num positions      :  275
		num normals        :  275
		num uvs            :  550
		num uvs2           :  0
		num colors         :  0
		num indices        :  324
	processing begun of mesh:  Astroid.003
		num positions      :  275
		num normals        :  275
		num uvs            :  550
		num uvs2           :  0
		num colors         :  0
		num indices        :  324
	processing begun of mesh:  Astroid.002
		num positions      :  275
		num normals        :  275
		num uvs            :  550
		num uvs2           :  0
		num colors         :  0
		num indices        :  324
	processing begun of mesh:  Astroid.001
		num positions      :  275
		num normals        :  275
		num uvs            :  550
		num uvs2           :  0
		num colors         :  0
		num indices        :  324
	processing begun of mesh:  Cube.001
		WARNING:  No materials have been assigned: 
		num positions      :  8
		num normals        :  8
		num uvs            :  0
		num uvs2           :  0
		num colors         :  0
		num indices        :  36
	processing begun of mesh:  jojo
		WARNING:  No materials have been assigned: 
		num positions      :  8
		num normals        :  8
		num uvs            :  0
		num uvs2           :  0
		num colors         :  0
		num indices        :  36
	processing begun of mesh:  Plane
		num positions      :  12
		num normals        :  12
		num uvs            :  0
		num uvs2           :  0
		num colors         :  0
		num indices        :  60
		WARNING: # of 0 area faces found:  8
	processing begun of mesh:  HoverDude
		processing begun of multimaterial:  bangbang.Multimaterial#7
		num positions      :  414
		num normals        :  414
		num uvs            :  828
		num uvs2           :  0
		num colors         :  0
		num indices        :  1626
	processing begun of mesh:  Coral
		processing begun of multimaterial:  bangbang.Multimaterial#8
		num positions      :  519
		num normals        :  519
		num uvs            :  1038
		num uvs2           :  0
		num colors         :  0
		num indices        :  600
	processing begun of mesh:  Astroid
		num positions      :  275
		num normals        :  275
		num uvs            :  550
		num uvs2           :  0
		num colors         :  0
		num indices        :  324
	processing begun of light (SUN):  Sun
	processing begun of light (HEMI):  Hemi.002
	processing begun of light (HEMI):  Hemi.001
	processing begun of light (POINT):  Lamp
========= Writing of scene file started =========
========= Writing of scene file completed =========
========= end of processing =========
